2024-06-24 13:26:06-1002-INFO-100
2024-06-24 13:26:06-1002-INFO-101
2024-06-24 13:26:06-1002-INFO-102
2024-06-24 13:26:06-1002-INFO-103
2024-06-24 13:26:07-1002-INFO-104
2024-06-24 13:26:07-1002-INFO-105
2024-06-24 13:26:07-1002-INFO-106
2024-06-24 13:26:07-1002-INFO-107
2024-06-24 13:26:08-1002-INFO-108
2024-06-24 13:26:08-1002-INFO-109
2024-06-24 13:26:08-1002-INFO-110
2024-06-24 13:26:08-1002-INFO-111
2024-06-24 13:26:08-1002-INFO-112
2024-06-24 13:26:09-1002-INFO-113
2024-06-24 13:26:09-1002-INFO-114
2024-06-24 13:26:09-1002-INFO-115
2024-06-24 13:26:09-1002-INFO-116
2024-06-24 13:26:09-1002-INFO-117
2024-06-24 13:26:10-1002-INFO-118
2024-06-24 13:26:10-1002-INFO-119
2024-06-24 13:26:10-1002-INFO-120
2024-06-24 13:26:10-1002-INFO-121
2024-06-24 13:26:10-1002-INFO-122
2024-06-24 13:26:11-1002-INFO-123
2024-06-24 13:26:11-1002-INFO-124
2024-06-24 13:26:11-1002-INFO-125
2024-06-24 13:26:11-1002-INFO-126
2024-06-24 13:26:11-1002-INFO-127
2024-06-24 13:26:12-1002-INFO-128
2024-06-24 13:26:12-1002-INFO-129
2024-06-24 13:26:12-1002-INFO-130
2024-06-24 13:26:12-1002-INFO-131
2024-06-24 13:26:13-1002-INFO-132
2024-06-24 13:26:13-1002-INFO-133
2024-06-24 13:26:13-1002-INFO-134
2024-06-24 13:26:13-1002-INFO-135
2024-06-24 13:26:14-1002-ERROR-Traceback (most recent call last):
2024-06-24 13:26:14-1002-ERROR-File "D:\workfile\PycharmProjects\spider_study\testdemo\apschedulerdemo\test1.py", line 6, in <module>
2024-06-24 13:26:14-1002-ERROR-raise RuntimeError('error')
2024-06-24 13:26:14-1002-ERROR-RuntimeError: error
2024-06-24 13:27:06-1002-INFO-100
2024-06-24 13:27:06-1002-INFO-101
2024-06-24 13:27:06-1002-INFO-102
2024-06-24 13:27:06-1002-INFO-103
2024-06-24 13:27:07-1002-INFO-104
2024-06-24 13:27:07-1002-INFO-105
2024-06-24 13:27:07-1002-INFO-106
2024-06-24 13:27:07-1002-INFO-107
2024-06-24 13:27:07-1002-INFO-108
2024-06-24 13:27:08-1002-INFO-109
2024-06-24 13:27:08-1002-INFO-110
2024-06-24 13:27:08-1002-INFO-111
2024-06-24 13:27:08-1002-INFO-112
2024-06-24 13:27:08-1002-INFO-113
2024-06-24 13:27:09-1002-INFO-114
2024-06-24 13:27:09-1002-INFO-115
2024-06-24 13:27:09-1002-INFO-116
2024-06-24 13:27:09-1002-INFO-117
2024-06-24 13:27:09-1002-INFO-118
2024-06-24 13:27:10-1002-INFO-119
2024-06-24 13:27:10-1002-INFO-120
2024-06-24 13:27:10-1002-INFO-121
2024-06-24 13:27:10-1002-INFO-122
2024-06-24 13:27:10-1002-INFO-123
2024-06-24 13:27:11-1002-INFO-124
2024-06-24 13:27:11-1002-INFO-125
2024-06-24 13:27:11-1002-INFO-126
2024-06-24 13:27:11-1002-INFO-127
2024-06-24 13:27:11-1002-INFO-128
2024-06-24 13:27:12-1002-INFO-129
2024-06-24 13:27:12-1002-INFO-130
2024-06-24 13:27:12-1002-INFO-131
2024-06-24 13:27:12-1002-INFO-132
2024-06-24 13:27:12-1002-INFO-133
2024-06-24 13:27:13-1002-INFO-134
2024-06-24 13:27:13-1002-INFO-135
2024-06-24 13:27:13-1002-ERROR-Traceback (most recent call last):
2024-06-24 13:27:13-1002-ERROR-File "D:\workfile\PycharmProjects\spider_study\testdemo\apschedulerdemo\test1.py", line 6, in <module>
2024-06-24 13:27:13-1002-ERROR-raise RuntimeError('error')
2024-06-24 13:27:13-1002-ERROR-RuntimeError: error
2024-06-24 13:28:06-1002-INFO-100
2024-06-24 13:28:06-1002-INFO-101
2024-06-24 13:28:06-1002-INFO-102
2024-06-24 13:28:06-1002-INFO-103
2024-06-24 13:28:07-1002-INFO-104
2024-06-24 13:28:07-1002-INFO-105
2024-06-24 13:28:07-1002-INFO-106
2024-06-24 13:28:07-1002-INFO-107
2024-06-24 13:28:07-1002-INFO-108
2024-06-24 13:28:08-1002-INFO-109
2024-06-24 13:28:08-1002-INFO-110
2024-06-24 13:28:08-1002-INFO-111
2024-06-24 13:28:08-1002-INFO-112
2024-06-24 13:28:08-1002-INFO-113
2024-06-24 13:28:09-1002-INFO-114
2024-06-24 13:28:09-1002-INFO-115
2024-06-24 13:28:09-1002-INFO-116
2024-06-24 13:28:09-1002-INFO-117
2024-06-24 13:28:09-1002-INFO-118
2024-06-24 13:28:10-1002-INFO-119
2024-06-24 13:28:10-1002-INFO-120
2024-06-24 13:28:10-1002-INFO-121
2024-06-24 13:28:10-1002-INFO-122
2024-06-24 13:28:10-1002-INFO-123
2024-06-24 13:28:11-1002-INFO-124
2024-06-24 13:28:11-1002-INFO-125
2024-06-24 13:28:11-1002-INFO-126
2024-06-24 13:28:11-1002-INFO-127
2024-06-24 13:28:11-1002-INFO-128
2024-06-24 13:28:12-1002-INFO-129
2024-06-24 13:28:12-1002-INFO-130
2024-06-24 13:28:12-1002-INFO-131
2024-06-24 13:28:12-1002-INFO-132
2024-06-24 13:28:12-1002-INFO-133
2024-06-24 13:28:13-1002-INFO-134
2024-06-24 13:28:13-1002-INFO-135
2024-06-24 13:28:13-1002-ERROR-Traceback (most recent call last):
2024-06-24 13:28:13-1002-ERROR-File "D:\workfile\PycharmProjects\spider_study\testdemo\apschedulerdemo\test1.py", line 6, in <module>
2024-06-24 13:28:13-1002-ERROR-raise RuntimeError('error')
2024-06-24 13:28:13-1002-ERROR-RuntimeError: error
