2024-06-18 00:00:33 | INFO | 2024-06-18 00:00:33,751 - 9222 - INFO - ('9746379', '/stamp/stamp.jsp?tp=&arnumber=9746379')
2024-06-18 00:00:40 | INFO | \\192.168.1.151\e\外文全文\ieee\full_text\6379\9746379\9746379.pdf
2024-06-18 00:00:40 | INFO | 2024-06-18 00:00:40,088 - 9222 - INFO - write file: (\\192.168.1.151\e\外文全文\ieee\full_text\6379\9746379\9746379.pdf)
2024-06-18 00:00:40 | INFO | 2024-06-18 00:00:40,112 - 9222 - INFO - 下载完成9746379
2024-06-18 00:01:29 | INFO | 2024-06-18 00:01:29,113 - 9222 - INFO - ('9747545', '/stamp/stamp.jsp?tp=&arnumber=9747545')
2024-06-18 00:01:37 | INFO | \\192.168.1.151\e\外文全文\ieee\full_text\7545\9747545\9747545.pdf
2024-06-18 00:01:37 | INFO | 2024-06-18 00:01:37,320 - 9222 - INFO - write file: (\\192.168.1.151\e\外文全文\ieee\full_text\7545\9747545\9747545.pdf)
2024-06-18 00:01:37 | INFO | 2024-06-18 00:01:37,358 - 9222 - INFO - 下载完成9747545
2024-06-18 00:02:27 | INFO | 2024-06-18 00:02:27,366 - 9222 - INFO - ('9747539', '/stamp/stamp.jsp?tp=&arnumber=9747539')
2024-06-18 00:02:32 | INFO | \\192.168.1.151\e\外文全文\ieee\full_text\7633\9747633\9747633.pdf
2024-06-18 00:02:32 | INFO | 2024-06-18 00:02:32,111 - 9223 - INFO - write file: (\\192.168.1.151\e\外文全文\ieee\full_text\7633\9747633\9747633.pdf)
2024-06-18 00:02:32 | INFO | 2024-06-18 00:02:32,188 - 9223 - INFO - 下载完成9747633
2024-06-18 00:02:35 | INFO | \\192.168.1.151\e\外文全文\ieee\full_text\7539\9747539\9747539.pdf
2024-06-18 00:02:35 | INFO | 2024-06-18 00:02:35,962 - 9222 - INFO - write file: (\\192.168.1.151\e\外文全文\ieee\full_text\7539\9747539\9747539.pdf)
2024-06-18 00:02:36 | INFO | 2024-06-18 00:02:36,003 - 9222 - INFO - 下载完成9747539
2024-06-18 00:03:01 | INFO | 2024-06-18 00:03:01,198 - 9223 - INFO - ('9746025', '/stamp/stamp.jsp?tp=&arnumber=9746025')
2024-06-18 00:03:29 | INFO | 2024-06-18 00:03:29,008 - 9222 - INFO - ('9747326', '/stamp/stamp.jsp?tp=&arnumber=9747326')
2024-06-18 00:03:38 | INFO | \\192.168.1.151\e\外文全文\ieee\full_text\6025\9746025\9746025.pdf
2024-06-18 00:03:38 | INFO | 2024-06-18 00:03:38,901 - 9223 - INFO - write file: (\\192.168.1.151\e\外文全文\ieee\full_text\6025\9746025\9746025.pdf)
2024-06-18 00:03:38 | INFO | 2024-06-18 00:03:38,940 - 9223 - INFO - 下载完成9746025
2024-06-18 00:03:45 | INFO | \\192.168.1.151\e\外文全文\ieee\full_text\7326\9747326\9747326.pdf
2024-06-18 00:03:45 | INFO | 2024-06-18 00:03:45,443 - 9222 - INFO - write file: (\\192.168.1.151\e\外文全文\ieee\full_text\7326\9747326\9747326.pdf)
2024-06-18 00:03:45 | INFO | 2024-06-18 00:03:45,507 - 9222 - INFO - 下载完成9747326
2024-06-18 00:04:08 | INFO | 2024-06-18 00:04:08,955 - 9223 - INFO - ('9746208', '/stamp/stamp.jsp?tp=&arnumber=9746208')
2024-06-18 00:04:39 | INFO | 2024-06-18 00:04:39,509 - 9222 - INFO - ('9746258', '/stamp/stamp.jsp?tp=&arnumber=9746258')
2024-06-18 00:04:44 | INFO | \\192.168.1.151\e\外文全文\ieee\full_text\6258\9746258\9746258.pdf
2024-06-18 00:04:44 | INFO | 2024-06-18 00:04:44,686 - 9222 - INFO - write file: (\\192.168.1.151\e\外文全文\ieee\full_text\6258\9746258\9746258.pdf)
2024-06-18 00:04:44 | INFO | 2024-06-18 00:04:44,724 - 9222 - INFO - 下载完成9746258
2024-06-18 00:04:55 | INFO | \\192.168.1.151\e\外文全文\ieee\full_text\6208\9746208\9746208.pdf
2024-06-18 00:04:55 | INFO | 2024-06-18 00:04:55,474 - 9223 - INFO - write file: (\\192.168.1.151\e\外文全文\ieee\full_text\6208\9746208\9746208.pdf)
2024-06-18 00:04:55 | INFO | 2024-06-18 00:04:55,497 - 9223 - INFO - 下载完成9746208
2024-06-18 00:05:17 | INFO | 2024-06-18 00:05:17,505 - 9223 - INFO - ('9747645', '/stamp/stamp.jsp?tp=&arnumber=9747645')
2024-06-18 00:05:28 | INFO | 2024-06-18 00:05:28,739 - 9222 - INFO - ('9746729', '/stamp/stamp.jsp?tp=&arnumber=9746729')
2024-06-18 00:05:40 | INFO | \\192.168.1.151\e\外文全文\ieee\full_text\6729\9746729\9746729.pdf
2024-06-18 00:05:40 | INFO | 2024-06-18 00:05:40,134 - 9222 - INFO - write file: (\\192.168.1.151\e\外文全文\ieee\full_text\6729\9746729\9746729.pdf)
2024-06-18 00:05:40 | INFO | 2024-06-18 00:05:40,182 - 9222 - INFO - 下载完成9746729
2024-06-18 00:06:22 | INFO | 2024-06-18 00:06:22,194 - 9222 - INFO - ('9747895', '/stamp/stamp.jsp?tp=&arnumber=9747895')
2024-06-18 00:06:27 | INFO | \\192.168.1.151\e\外文全文\ieee\full_text\7895\9747895\9747895.pdf
2024-06-18 00:06:27 | INFO | 2024-06-18 00:06:27,302 - 9222 - INFO - write file: (\\192.168.1.151\e\外文全文\ieee\full_text\7895\9747895\9747895.pdf)
2024-06-18 00:06:27 | INFO | 2024-06-18 00:06:27,325 - 9222 - INFO - 下载完成9747895
2024-06-18 00:07:17 | INFO | 2024-06-18 00:07:17,332 - 9222 - INFO - ('9747761', '/stamp/stamp.jsp?tp=&arnumber=9747761')
2024-06-18 00:07:25 | INFO | \\192.168.1.151\e\外文全文\ieee\full_text\7761\9747761\9747761.pdf
2024-06-18 00:07:25 | INFO | 2024-06-18 00:07:25,538 - 9222 - INFO - write file: (\\192.168.1.151\e\外文全文\ieee\full_text\7761\9747761\9747761.pdf)
2024-06-18 00:07:25 | INFO | 2024-06-18 00:07:25,575 - 9222 - INFO - 下载完成9747761
2024-06-18 00:07:39 | INFO | \\192.168.1.151\e\外文全文\ieee\full_text\7645\9747645\9747645.pdf
2024-06-18 00:07:39 | INFO | 2024-06-18 00:07:39,394 - 9223 - INFO - write file: (\\192.168.1.151\e\外文全文\ieee\full_text\7645\9747645\9747645.pdf)
2024-06-18 00:07:39 | INFO | 2024-06-18 00:07:39,459 - 9223 - INFO - 下载完成9747645
2024-06-18 00:08:04 | INFO | 2024-06-18 00:08:04,475 - 9223 - INFO - ('9747504', '/stamp/stamp.jsp?tp=&arnumber=9747504')
2024-06-18 00:08:22 | INFO | 2024-06-18 00:08:22,579 - 9222 - INFO - ('9746985', '/stamp/stamp.jsp?tp=&arnumber=9746985')
2024-06-18 00:08:31 | INFO | \\192.168.1.151\e\外文全文\ieee\full_text\6985\9746985\9746985.pdf
2024-06-18 00:08:31 | INFO | 2024-06-18 00:08:31,113 - 9222 - INFO - write file: (\\192.168.1.151\e\外文全文\ieee\full_text\6985\9746985\9746985.pdf)
2024-06-18 00:08:31 | INFO | 2024-06-18 00:08:31,150 - 9222 - INFO - 下载完成9746985
2024-06-18 00:08:38 | INFO | \\192.168.1.151\e\外文全文\ieee\full_text\7504\9747504\9747504.pdf
2024-06-18 00:08:38 | INFO | 2024-06-18 00:08:38,488 - 9223 - INFO - write file: (\\192.168.1.151\e\外文全文\ieee\full_text\7504\9747504\9747504.pdf)
2024-06-18 00:08:38 | INFO | 2024-06-18 00:08:38,526 - 9223 - INFO - 下载完成9747504
2024-06-18 00:09:02 | INFO | 2024-06-18 00:09:02,532 - 9223 - INFO - ('9747821', '/stamp/stamp.jsp?tp=&arnumber=9747821')
2024-06-18 00:09:25 | INFO | 2024-06-18 00:09:25,162 - 9222 - INFO - ('9747268', '/stamp/stamp.jsp?tp=&arnumber=9747268')
2024-06-18 00:09:30 | INFO | \\192.168.1.151\e\外文全文\ieee\full_text\7268\9747268\9747268.pdf
2024-06-18 00:09:30 | INFO | 2024-06-18 00:09:30,232 - 9222 - INFO - write file: (\\192.168.1.151\e\外文全文\ieee\full_text\7268\9747268\9747268.pdf)
2024-06-18 00:09:30 | INFO | 2024-06-18 00:09:30,263 - 9222 - INFO - 下载完成9747268
2024-06-18 00:10:12 | INFO | \\192.168.1.151\e\外文全文\ieee\full_text\7821\9747821\9747821.pdf
2024-06-18 00:10:12 | INFO | 2024-06-18 00:10:12,395 - 9223 - INFO - write file: (\\192.168.1.151\e\外文全文\ieee\full_text\7821\9747821\9747821.pdf)
2024-06-18 00:10:12 | INFO | 2024-06-18 00:10:12,491 - 9223 - INFO - 下载完成9747821
2024-06-18 00:10:16 | INFO | 2024-06-18 00:10:16,272 - 9222 - INFO - ('9746568', '/stamp/stamp.jsp?tp=&arnumber=9746568')
2024-06-18 00:10:22 | INFO | \\192.168.1.151\e\外文全文\ieee\full_text\6568\9746568\9746568.pdf
2024-06-18 00:10:22 | INFO | 2024-06-18 00:10:22,945 - 9222 - INFO - write file: (\\192.168.1.151\e\外文全文\ieee\full_text\6568\9746568\9746568.pdf)
2024-06-18 00:10:22 | INFO | 2024-06-18 00:10:22,975 - 9222 - INFO - 下载完成9746568
2024-06-18 00:10:34 | INFO | 2024-06-18 00:10:34,508 - 9223 - INFO - ('9747523', '/stamp/stamp.jsp?tp=&arnumber=9747523')
2024-06-18 00:10:34 | INFO | 2024-06-18 00:10:34,955 - 9223 - INFO - 请求失败！
2024-06-18 00:10:34 | INFO | 2024-06-18 00:10:34,963 - 9223 - INFO - ('9746911', '/stamp/stamp.jsp?tp=&arnumber=9746911')
2024-06-18 00:10:35 | INFO | 2024-06-18 00:10:35,398 - 9223 - INFO - 请求失败！
2024-06-18 00:10:35 | INFO | 2024-06-18 00:10:35,400 - 9223 - INFO - ('9746997', '/stamp/stamp.jsp?tp=&arnumber=9746997')
2024-06-18 00:10:35 | INFO | 2024-06-18 00:10:35,881 - 9223 - INFO - 请求失败！
2024-06-18 00:10:35 | INFO | 2024-06-18 00:10:35,883 - 9223 - INFO - ('9747776', '/stamp/stamp.jsp?tp=&arnumber=9747776')
2024-06-18 00:10:36 | INFO | 2024-06-18 00:10:36,317 - 9223 - INFO - 请求失败！
2024-06-18 00:10:36 | INFO | 2024-06-18 00:10:36,319 - 9223 - INFO - ('9746889', '/stamp/stamp.jsp?tp=&arnumber=9746889')
2024-06-18 00:10:36 | INFO | 2024-06-18 00:10:36,742 - 9223 - INFO - 请求失败！
2024-06-18 00:10:36 | INFO | 2024-06-18 00:10:36,744 - 9223 - INFO - ('9747126', '/stamp/stamp.jsp?tp=&arnumber=9747126')
2024-06-18 00:10:37 | INFO | 2024-06-18 00:10:37,105 - 9223 - INFO - 请求失败！
2024-06-18 00:10:37 | INFO | 2024-06-18 00:10:37,107 - 9223 - INFO - 连续请求失败五次退出程序
2024-06-18 00:10:37 | INFO | Stream reader completed.
2024-06-18 00:10:37 | ERROR | Stream reader completed.
2024-06-18 00:10:37 | INFO | Process completed and streams closed.
2024-06-18 00:11:19 | INFO | 2024-06-18 00:11:19,982 - 9222 - INFO - ('9747027', '/stamp/stamp.jsp?tp=&arnumber=9747027')
2024-06-18 00:11:26 | INFO | \\192.168.1.151\e\外文全文\ieee\full_text\7027\9747027\9747027.pdf
2024-06-18 00:11:26 | INFO | 2024-06-18 00:11:26,832 - 9222 - INFO - write file: (\\192.168.1.151\e\外文全文\ieee\full_text\7027\9747027\9747027.pdf)
2024-06-18 00:11:26 | INFO | 2024-06-18 00:11:26,864 - 9222 - INFO - 下载完成9747027
2024-06-18 00:12:25 | INFO | 2024-06-18 00:12:25,873 - 9222 - INFO - ('9746478', '/stamp/stamp.jsp?tp=&arnumber=9746478')
2024-06-18 00:12:38 | INFO | \\192.168.1.151\e\外文全文\ieee\full_text\6478\9746478\9746478.pdf
2024-06-18 00:12:38 | INFO | 2024-06-18 00:12:38,014 - 9222 - INFO - write file: (\\192.168.1.151\e\外文全文\ieee\full_text\6478\9746478\9746478.pdf)
2024-06-18 00:12:38 | INFO | 2024-06-18 00:12:38,111 - 9222 - INFO - 下载完成9746478
2024-06-18 00:13:32 | INFO | 2024-06-18 00:13:32,115 - 9222 - INFO - ('9746367', '/stamp/stamp.jsp?tp=&arnumber=9746367')
2024-06-18 00:13:38 | INFO | \\192.168.1.151\e\外文全文\ieee\full_text\6367\9746367\9746367.pdf
2024-06-18 00:13:38 | INFO | 2024-06-18 00:13:38,070 - 9222 - INFO - write file: (\\192.168.1.151\e\外文全文\ieee\full_text\6367\9746367\9746367.pdf)
2024-06-18 00:13:38 | INFO | 2024-06-18 00:13:38,124 - 9222 - INFO - 下载完成9746367
2024-06-18 00:14:19 | INFO | 2024-06-18 00:14:19,137 - 9222 - INFO - ('9746799', '/stamp/stamp.jsp?tp=&arnumber=9746799')
2024-06-18 00:14:23 | INFO | \\192.168.1.151\e\外文全文\ieee\full_text\6799\9746799\9746799.pdf
2024-06-18 00:14:23 | INFO | 2024-06-18 00:14:23,595 - 9222 - INFO - write file: (\\192.168.1.151\e\外文全文\ieee\full_text\6799\9746799\9746799.pdf)
2024-06-18 00:14:23 | INFO | 2024-06-18 00:14:23,636 - 9222 - INFO - 下载完成9746799
2024-06-18 00:15:21 | INFO | 2024-06-18 00:15:21,638 - 9222 - INFO - ('9747666', '/stamp/stamp.jsp?tp=&arnumber=9747666')
2024-06-18 00:15:28 | INFO | \\192.168.1.151\e\外文全文\ieee\full_text\7666\9747666\9747666.pdf
2024-06-18 00:15:28 | INFO | 2024-06-18 00:15:28,830 - 9222 - INFO - write file: (\\192.168.1.151\e\外文全文\ieee\full_text\7666\9747666\9747666.pdf)
2024-06-18 00:15:28 | INFO | 2024-06-18 00:15:28,883 - 9222 - INFO - 下载完成9747666
2024-06-18 00:16:08 | INFO | 2024-06-18 00:16:08,887 - 9222 - INFO - ('9747829', '/stamp/stamp.jsp?tp=&arnumber=9747829')
2024-06-18 00:16:19 | INFO | \\192.168.1.151\e\外文全文\ieee\full_text\7829\9747829\9747829.pdf
2024-06-18 00:16:19 | INFO | 2024-06-18 00:16:19,325 - 9222 - INFO - write file: (\\192.168.1.151\e\外文全文\ieee\full_text\7829\9747829\9747829.pdf)
2024-06-18 00:16:19 | INFO | 2024-06-18 00:16:19,352 - 9222 - INFO - 下载完成9747829
2024-06-18 00:17:02 | INFO | 2024-06-18 00:17:02,355 - 9222 - INFO - ('9747819', '/stamp/stamp.jsp?tp=&arnumber=9747819')
2024-06-18 00:17:09 | INFO | \\192.168.1.151\e\外文全文\ieee\full_text\7819\9747819\9747819.pdf
2024-06-18 00:17:09 | INFO | 2024-06-18 00:17:09,713 - 9222 - INFO - write file: (\\192.168.1.151\e\外文全文\ieee\full_text\7819\9747819\9747819.pdf)
2024-06-18 00:17:09 | INFO | 2024-06-18 00:17:09,746 - 9222 - INFO - 下载完成9747819
2024-06-18 00:17:58 | INFO | 2024-06-18 00:17:58,748 - 9222 - INFO - ('9747277', '/stamp/stamp.jsp?tp=&arnumber=9747277')
2024-06-18 00:18:11 | INFO | \\192.168.1.151\e\外文全文\ieee\full_text\7277\9747277\9747277.pdf
2024-06-18 00:18:11 | INFO | 2024-06-18 00:18:11,014 - 9222 - INFO - write file: (\\192.168.1.151\e\外文全文\ieee\full_text\7277\9747277\9747277.pdf)
2024-06-18 00:18:11 | INFO | 2024-06-18 00:18:11,071 - 9222 - INFO - 下载完成9747277
2024-06-18 00:18:59 | INFO | 2024-06-18 00:18:59,079 - 9222 - INFO - ('9746759', '/stamp/stamp.jsp?tp=&arnumber=9746759')
2024-06-18 00:19:07 | INFO | \\192.168.1.151\e\外文全文\ieee\full_text\6759\9746759\9746759.pdf
2024-06-18 00:19:07 | INFO | 2024-06-18 00:19:07,874 - 9222 - INFO - write file: (\\192.168.1.151\e\外文全文\ieee\full_text\6759\9746759\9746759.pdf)
2024-06-18 00:19:07 | INFO | 2024-06-18 00:19:07,918 - 9222 - INFO - 下载完成9746759
2024-06-18 00:19:47 | INFO | 2024-06-18 00:19:47,926 - 9222 - INFO - ('9747367', '/stamp/stamp.jsp?tp=&arnumber=9747367')
2024-06-18 00:19:52 | INFO | \\192.168.1.151\e\外文全文\ieee\full_text\7367\9747367\9747367.pdf
2024-06-18 00:19:52 | INFO | 2024-06-18 00:19:52,492 - 9222 - INFO - write file: (\\192.168.1.151\e\外文全文\ieee\full_text\7367\9747367\9747367.pdf)
2024-06-18 00:19:52 | INFO | 2024-06-18 00:19:52,534 - 9222 - INFO - 下载完成9747367
2024-06-18 00:20:36 | INFO | 2024-06-18 00:20:36,550 - 9222 - INFO - ('9746547', '/stamp/stamp.jsp?tp=&arnumber=9746547')
2024-06-18 00:21:10 | INFO | \\192.168.1.151\e\外文全文\ieee\full_text\6547\9746547\9746547.pdf
2024-06-18 00:21:10 | INFO | 2024-06-18 00:21:10,309 - 9222 - INFO - write file: (\\192.168.1.151\e\外文全文\ieee\full_text\6547\9746547\9746547.pdf)
2024-06-18 00:21:10 | INFO | 2024-06-18 00:21:10,517 - 9222 - INFO - 下载完成9746547
2024-06-18 00:22:06 | INFO | 2024-06-18 00:22:06,528 - 9222 - INFO - ('9746861', '/stamp/stamp.jsp?tp=&arnumber=9746861')
2024-06-18 00:22:07 | INFO | 2024-06-18 00:22:07,888 - 9222 - INFO - PDF IS ERROR!
2024-06-18 00:22:12 | INFO | 2024-06-18 00:22:12,889 - 9222 - INFO - ('9746960', '/stamp/stamp.jsp?tp=&arnumber=9746960')
2024-06-18 00:22:14 | INFO | 2024-06-18 00:22:14,263 - 9222 - INFO - PDF IS ERROR!
2024-06-18 00:22:18 | INFO | 2024-06-18 00:22:18,271 - 9222 - INFO - ('9747592', '/stamp/stamp.jsp?tp=&arnumber=9747592')
2024-06-18 00:22:19 | INFO | 2024-06-18 00:22:19,591 - 9222 - INFO - PDF IS ERROR!
2024-06-18 00:22:23 | INFO | 2024-06-18 00:22:23,594 - 9222 - INFO - ('9746631', '/stamp/stamp.jsp?tp=&arnumber=9746631')
2024-06-18 00:22:24 | INFO | 2024-06-18 00:22:24,955 - 9222 - INFO - PDF IS ERROR!
2024-06-18 00:22:29 | INFO | 2024-06-18 00:22:29,971 - 9222 - INFO - ('9747368', '/stamp/stamp.jsp?tp=&arnumber=9747368')
2024-06-18 00:22:31 | INFO | 2024-06-18 00:22:31,372 - 9222 - INFO - PDF IS ERROR!
2024-06-18 00:22:34 | INFO | 2024-06-18 00:22:34,376 - 9222 - INFO - ('9747102', '/stamp/stamp.jsp?tp=&arnumber=9747102')
2024-06-18 00:22:35 | INFO | 2024-06-18 00:22:35,922 - 9222 - INFO - PDF IS ERROR!
2024-06-18 00:22:39 | INFO | 2024-06-18 00:22:39,934 - 9222 - INFO - ('9746500', '/stamp/stamp.jsp?tp=&arnumber=9746500')
2024-06-18 00:22:41 | INFO | 2024-06-18 00:22:41,316 - 9222 - INFO - PDF IS ERROR!
2024-06-18 00:22:46 | INFO | 2024-06-18 00:22:46,326 - 9222 - INFO - ('9747060', '/stamp/stamp.jsp?tp=&arnumber=9747060')
2024-06-18 00:22:47 | INFO | 2024-06-18 00:22:47,653 - 9222 - INFO - PDF IS ERROR!
2024-06-18 00:22:51 | INFO | 2024-06-18 00:22:51,665 - 9222 - INFO - ('9746376', '/stamp/stamp.jsp?tp=&arnumber=9746376')
2024-06-18 00:22:53 | INFO | 2024-06-18 00:22:53,229 - 9222 - INFO - PDF IS ERROR!
2024-06-18 00:22:58 | INFO | 2024-06-18 00:22:58,231 - 9222 - INFO - ('9747063', '/stamp/stamp.jsp?tp=&arnumber=9747063')
2024-06-18 00:22:59 | INFO | 2024-06-18 00:22:59,556 - 9222 - INFO - PDF IS ERROR!
2024-06-18 00:23:04 | INFO | 2024-06-18 00:23:04,558 - 9222 - INFO - ('9747106', '/stamp/stamp.jsp?tp=&arnumber=9747106')
2024-06-18 00:23:05 | INFO | 2024-06-18 00:23:05,935 - 9222 - INFO - PDF IS ERROR!
2024-06-18 00:23:08 | INFO | 2024-06-18 00:23:08,941 - 9222 - INFO - ('9746745', '/stamp/stamp.jsp?tp=&arnumber=9746745')
2024-06-18 00:23:10 | INFO | 2024-06-18 00:23:10,286 - 9222 - INFO - PDF IS ERROR!
2024-06-18 00:23:15 | INFO | 2024-06-18 00:23:15,297 - 9222 - INFO - ('9747796', '/stamp/stamp.jsp?tp=&arnumber=9747796')
2024-06-18 00:23:16 | INFO | 2024-06-18 00:23:16,915 - 9222 - INFO - PDF IS ERROR!
2024-06-18 00:23:21 | INFO | 2024-06-18 00:23:21,916 - 9222 - INFO - ('9747429', '/stamp/stamp.jsp?tp=&arnumber=9747429')
2024-06-18 00:23:23 | INFO | 2024-06-18 00:23:23,597 - 9222 - INFO - PDF IS ERROR!
2024-06-18 00:23:28 | INFO | 2024-06-18 00:23:28,607 - 9222 - INFO - ('9746149', '/stamp/stamp.jsp?tp=&arnumber=9746149')
2024-06-18 00:23:30 | INFO | 2024-06-18 00:23:30,555 - 9222 - INFO - PDF IS ERROR!
2024-06-18 00:23:35 | INFO | 2024-06-18 00:23:35,564 - 9222 - INFO - ('9747601', '/stamp/stamp.jsp?tp=&arnumber=9747601')
2024-06-18 00:23:37 | INFO | 2024-06-18 00:23:37,213 - 9222 - INFO - PDF IS ERROR!
2024-06-18 00:23:41 | INFO | 2024-06-18 00:23:41,221 - 9222 - INFO - ('9747004', '/stamp/stamp.jsp?tp=&arnumber=9747004')
2024-06-18 00:23:42 | INFO | 2024-06-18 00:23:42,885 - 9222 - INFO - PDF IS ERROR!
2024-06-18 00:23:47 | INFO | 2024-06-18 00:23:47,893 - 9222 - INFO - ('9747116', '/stamp/stamp.jsp?tp=&arnumber=9747116')
2024-06-18 00:23:50 | INFO | 2024-06-18 00:23:50,208 - 9222 - INFO - PDF IS ERROR!
2024-06-18 00:23:55 | INFO | 2024-06-18 00:23:55,216 - 9222 - INFO - ('9747885', '/stamp/stamp.jsp?tp=&arnumber=9747885')
2024-06-18 00:23:56 | INFO | 2024-06-18 00:23:56,869 - 9222 - INFO - PDF IS ERROR!
2024-06-18 00:24:01 | INFO | 2024-06-18 00:24:01,879 - 9222 - INFO - ('9747694', '/stamp/stamp.jsp?tp=&arnumber=9747694')
2024-06-18 00:24:03 | INFO | 2024-06-18 00:24:03,571 - 9222 - INFO - PDF IS ERROR!
2024-06-18 00:24:07 | INFO | 2024-06-18 00:24:07,577 - 9222 - INFO - ('9747328', '/stamp/stamp.jsp?tp=&arnumber=9747328')
2024-06-18 00:24:09 | INFO | 2024-06-18 00:24:09,249 - 9222 - INFO - PDF IS ERROR!
2024-06-18 00:24:13 | INFO | 2024-06-18 00:24:13,257 - 9222 - INFO - ('9747522', '/stamp/stamp.jsp?tp=&arnumber=9747522')
2024-06-18 00:24:15 | INFO | 2024-06-18 00:24:15,060 - 9222 - INFO - PDF IS ERROR!
2024-06-18 00:24:18 | INFO | 2024-06-18 00:24:18,063 - 9222 - INFO - ('9746331', '/stamp/stamp.jsp?tp=&arnumber=9746331')
2024-06-18 00:24:20 | INFO | 2024-06-18 00:24:20,274 - 9222 - INFO - PDF IS ERROR!
2024-06-18 00:24:24 | INFO | 2024-06-18 00:24:24,280 - 9222 - INFO - ('9746023', '/stamp/stamp.jsp?tp=&arnumber=9746023')
2024-06-18 00:24:25 | INFO | 2024-06-18 00:24:25,949 - 9222 - INFO - PDF IS ERROR!
2024-06-18 00:24:30 | INFO | 2024-06-18 00:24:30,954 - 9222 - INFO - ('9747377', '/stamp/stamp.jsp?tp=&arnumber=9747377')
2024-06-18 00:24:32 | INFO | 2024-06-18 00:24:32,859 - 9222 - INFO - PDF IS ERROR!
2024-06-18 00:24:36 | INFO | 2024-06-18 00:24:36,871 - 9222 - INFO - ('9747083', '/stamp/stamp.jsp?tp=&arnumber=9747083')
2024-06-18 00:24:39 | INFO | 2024-06-18 00:24:39,064 - 9222 - INFO - PDF IS ERROR!
2024-06-18 00:24:42 | INFO | 2024-06-18 00:24:42,072 - 9222 - INFO - ('9747211', '/stamp/stamp.jsp?tp=&arnumber=9747211')
2024-06-18 00:24:44 | INFO | 2024-06-18 00:24:44,231 - 9222 - INFO - PDF IS ERROR!
2024-06-18 00:24:49 | INFO | 2024-06-18 00:24:49,247 - 9222 - INFO - ('9747820', '/stamp/stamp.jsp?tp=&arnumber=9747820')
2024-06-18 00:24:51 | INFO | 2024-06-18 00:24:51,672 - 9222 - INFO - PDF IS ERROR!
2024-06-18 00:24:56 | INFO | 2024-06-18 00:24:56,689 - 9222 - INFO - ('9747874', '/stamp/stamp.jsp?tp=&arnumber=9747874')
2024-06-18 00:24:58 | INFO | 2024-06-18 00:24:58,956 - 9222 - INFO - PDF IS ERROR!
2024-06-18 00:25:01 | INFO | 2024-06-18 00:25:01,961 - 9222 - INFO - ('9746628', '/stamp/stamp.jsp?tp=&arnumber=9746628')
2024-06-18 00:25:04 | INFO | 2024-06-18 00:25:04,239 - 9222 - INFO - PDF IS ERROR!
2024-06-18 00:25:07 | INFO | 2024-06-18 00:25:07,251 - 9222 - INFO - ('9746127', '/stamp/stamp.jsp?tp=&arnumber=9746127')
2024-06-18 00:25:09 | INFO | 2024-06-18 00:25:09,655 - 9222 - INFO - PDF IS ERROR!
2024-06-18 00:25:12 | INFO | 2024-06-18 00:25:12,661 - 9222 - INFO - ('9746371', '/stamp/stamp.jsp?tp=&arnumber=9746371')
2024-06-18 00:25:14 | INFO | 2024-06-18 00:25:14,391 - 9222 - INFO - PDF IS ERROR!
2024-06-18 00:25:19 | INFO | 2024-06-18 00:25:19,397 - 9222 - INFO - ('9747431', '/stamp/stamp.jsp?tp=&arnumber=9747431')
2024-06-18 00:25:21 | INFO | 2024-06-18 00:25:21,540 - 9222 - INFO - PDF IS ERROR!
2024-06-18 00:25:26 | INFO | 2024-06-18 00:25:26,547 - 9222 - INFO - ('9746348', '/stamp/stamp.jsp?tp=&arnumber=9746348')
2024-06-18 00:25:28 | INFO | 2024-06-18 00:25:28,671 - 9222 - INFO - PDF IS ERROR!
2024-06-18 00:25:33 | INFO | 2024-06-18 00:25:33,684 - 9222 - INFO - ('9747182', '/stamp/stamp.jsp?tp=&arnumber=9747182')
2024-06-18 00:25:35 | INFO | 2024-06-18 00:25:35,419 - 9222 - INFO - PDF IS ERROR!
2024-06-18 00:25:39 | INFO | 2024-06-18 00:25:39,422 - 9222 - INFO - ('9747415', '/stamp/stamp.jsp?tp=&arnumber=9747415')
2024-06-18 00:25:41 | INFO | 2024-06-18 00:25:41,138 - 9222 - INFO - PDF IS ERROR!
2024-06-18 00:25:46 | INFO | 2024-06-18 00:25:46,153 - 9222 - INFO - ('9746921', '/stamp/stamp.jsp?tp=&arnumber=9746921')
2024-06-18 00:25:47 | INFO | 2024-06-18 00:25:47,840 - 9222 - INFO - PDF IS ERROR!
2024-06-18 00:25:50 | INFO | 2024-06-18 00:25:50,849 - 9222 - INFO - ('9746751', '/stamp/stamp.jsp?tp=&arnumber=9746751')
2024-06-18 00:25:52 | INFO | 2024-06-18 00:25:52,564 - 9222 - INFO - PDF IS ERROR!
2024-06-18 00:25:56 | INFO | 2024-06-18 00:25:56,571 - 9222 - INFO - ('9746422', '/stamp/stamp.jsp?tp=&arnumber=9746422')
2024-06-18 00:25:58 | INFO | 2024-06-18 00:25:58,264 - 9222 - INFO - PDF IS ERROR!
2024-06-18 00:26:02 | INFO | 2024-06-18 00:26:02,271 - 9222 - INFO - ('9747296', '/stamp/stamp.jsp?tp=&arnumber=9747296')
2024-06-18 00:26:03 | INFO | 2024-06-18 00:26:03,984 - 9222 - INFO - PDF IS ERROR!
2024-06-18 00:26:06 | INFO | 2024-06-18 00:26:06,997 - 9222 - INFO - ('9747652', '/stamp/stamp.jsp?tp=&arnumber=9747652')
2024-06-18 00:26:08 | INFO | 2024-06-18 00:26:08,708 - 9222 - INFO - PDF IS ERROR!
2024-06-18 00:26:13 | INFO | 2024-06-18 00:26:13,715 - 9222 - INFO - ('9746388', '/stamp/stamp.jsp?tp=&arnumber=9746388')
2024-06-18 00:26:15 | INFO | 2024-06-18 00:26:15,925 - 9222 - INFO - PDF IS ERROR!
2024-06-18 00:26:19 | INFO | 2024-06-18 00:26:19,941 - 9222 - INFO - ('9747579', '/stamp/stamp.jsp?tp=&arnumber=9747579')
2024-06-18 00:26:22 | INFO | 2024-06-18 00:26:22,180 - 9222 - INFO - PDF IS ERROR!
2024-06-18 00:26:25 | INFO | 2024-06-18 00:26:25,196 - 9222 - INFO - ('9746134', '/stamp/stamp.jsp?tp=&arnumber=9746134')
2024-06-18 00:26:27 | INFO | 2024-06-18 00:26:27,534 - 9222 - INFO - PDF IS ERROR!
2024-06-18 00:26:31 | INFO | 2024-06-18 00:26:31,546 - 9222 - INFO - ('9747854', '/stamp/stamp.jsp?tp=&arnumber=9747854')
2024-06-18 00:26:33 | INFO | 2024-06-18 00:26:33,339 - 9222 - INFO - PDF IS ERROR!
2024-06-18 00:26:36 | INFO | 2024-06-18 00:26:36,345 - 9222 - INFO - ('9747546', '/stamp/stamp.jsp?tp=&arnumber=9747546')
2024-06-18 00:26:38 | INFO | 2024-06-18 00:26:38,479 - 9222 - INFO - PDF IS ERROR!
2024-06-18 00:26:42 | INFO | 2024-06-18 00:26:42,481 - 9222 - INFO - ('9747740', '/stamp/stamp.jsp?tp=&arnumber=9747740')
2024-06-18 00:26:44 | INFO | 2024-06-18 00:26:44,667 - 9222 - INFO - PDF IS ERROR!
2024-06-18 00:26:49 | INFO | 2024-06-18 00:26:49,671 - 9222 - INFO - ('9746255', '/stamp/stamp.jsp?tp=&arnumber=9746255')
2024-06-18 00:26:51 | INFO | 2024-06-18 00:26:51,855 - 9222 - INFO - PDF IS ERROR!
2024-06-18 00:26:56 | INFO | 2024-06-18 00:26:56,867 - 9222 - INFO - ('9747799', '/stamp/stamp.jsp?tp=&arnumber=9747799')
2024-06-18 00:26:58 | INFO | 2024-06-18 00:26:58,780 - 9222 - INFO - PDF IS ERROR!
2024-06-18 00:27:03 | INFO | 2024-06-18 00:27:03,797 - 9222 - INFO - ('9747643', '/stamp/stamp.jsp?tp=&arnumber=9747643')
2024-06-18 00:27:05 | INFO | 2024-06-18 00:27:05,484 - 9222 - INFO - PDF IS ERROR!
2024-06-18 00:27:09 | INFO | 2024-06-18 00:27:09,502 - 9222 - INFO - ('9747456', '/stamp/stamp.jsp?tp=&arnumber=9747456')
2024-06-18 00:27:11 | INFO | 2024-06-18 00:27:11,223 - 9222 - INFO - PDF IS ERROR!
2024-06-18 00:27:16 | INFO | 2024-06-18 00:27:16,239 - 9222 - INFO - ('9746345', '/stamp/stamp.jsp?tp=&arnumber=9746345')
2024-06-18 00:27:18 | INFO | 2024-06-18 00:27:18,543 - 9222 - INFO - PDF IS ERROR!
2024-06-18 00:27:21 | INFO | 2024-06-18 00:27:21,545 - 9222 - INFO - ('9746133', '/stamp/stamp.jsp?tp=&arnumber=9746133')
2024-06-18 00:27:23 | INFO | 2024-06-18 00:27:23,867 - 9222 - INFO - PDF IS ERROR!
2024-06-18 00:27:27 | INFO | 2024-06-18 00:27:27,879 - 9222 - INFO - ('9747353', '/stamp/stamp.jsp?tp=&arnumber=9747353')
2024-06-18 00:27:29 | INFO | 2024-06-18 00:27:29,630 - 9222 - INFO - PDF IS ERROR!
2024-06-18 00:27:34 | INFO | 2024-06-18 00:27:34,638 - 9222 - INFO - ('9747849', '/stamp/stamp.jsp?tp=&arnumber=9747849')
2024-06-18 00:27:36 | INFO | 2024-06-18 00:27:36,361 - 9222 - INFO - PDF IS ERROR!
2024-06-18 00:27:41 | INFO | 2024-06-18 00:27:41,369 - 9222 - INFO - ('9747321', '/stamp/stamp.jsp?tp=&arnumber=9747321')
2024-06-18 00:27:43 | INFO | 2024-06-18 00:27:43,733 - 9222 - INFO - PDF IS ERROR!
2024-06-18 00:27:46 | INFO | 2024-06-18 00:27:46,734 - 9222 - INFO - ('9746264', '/stamp/stamp.jsp?tp=&arnumber=9746264')
2024-06-18 00:27:49 | INFO | 2024-06-18 00:27:49,778 - 9222 - INFO - PDF IS ERROR!
2024-06-18 00:27:54 | INFO | 2024-06-18 00:27:54,794 - 9222 - INFO - ('9746539', '/stamp/stamp.jsp?tp=&arnumber=9746539')
2024-06-18 00:27:57 | INFO | 2024-06-18 00:27:57,830 - 9222 - INFO - PDF IS ERROR!
2024-06-18 00:28:01 | INFO | 2024-06-18 00:28:01,846 - 9222 - INFO - ('9746606', '/stamp/stamp.jsp?tp=&arnumber=9746606')
2024-06-18 00:28:03 | INFO | 2024-06-18 00:28:03,561 - 9222 - INFO - PDF IS ERROR!
2024-06-18 00:28:07 | INFO | 2024-06-18 00:28:07,563 - 9222 - INFO - ('9746115', '/stamp/stamp.jsp?tp=&arnumber=9746115')
2024-06-18 00:28:09 | INFO | 2024-06-18 00:28:09,759 - 9222 - INFO - PDF IS ERROR!
2024-06-18 00:28:14 | INFO | 2024-06-18 00:28:14,762 - 9222 - INFO - ('9747500', '/stamp/stamp.jsp?tp=&arnumber=9747500')
2024-06-18 00:28:16 | INFO | 2024-06-18 00:28:16,696 - 9222 - INFO - PDF IS ERROR!
2024-06-18 00:28:21 | INFO | 2024-06-18 00:28:21,706 - 9222 - INFO - ('9746895', '/stamp/stamp.jsp?tp=&arnumber=9746895')
2024-06-18 00:28:23 | INFO | 2024-06-18 00:28:23,406 - 9222 - INFO - PDF IS ERROR!
2024-06-18 00:28:28 | INFO | 2024-06-18 00:28:28,414 - 9222 - INFO - ('9747609', '/stamp/stamp.jsp?tp=&arnumber=9747609')
2024-06-18 00:28:30 | INFO | 2024-06-18 00:28:30,971 - 9222 - INFO - PDF IS ERROR!
2024-06-18 00:28:33 | INFO | 2024-06-18 00:28:33,973 - 9222 - INFO - ('9746822', '/stamp/stamp.jsp?tp=&arnumber=9746822')
2024-06-18 00:28:36 | INFO | 2024-06-18 00:28:36,438 - 9222 - INFO - PDF IS ERROR!
2024-06-18 00:28:41 | INFO | 2024-06-18 00:28:41,441 - 9222 - INFO - ('9746419', '/stamp/stamp.jsp?tp=&arnumber=9746419')
2024-06-18 00:28:43 | INFO | 2024-06-18 00:28:43,225 - 9222 - INFO - PDF IS ERROR!
2024-06-18 00:28:48 | INFO | 2024-06-18 00:28:48,232 - 9222 - INFO - ('9746934', '/stamp/stamp.jsp?tp=&arnumber=9746934')
2024-06-18 00:28:50 | INFO | 2024-06-18 00:28:50,452 - 9222 - INFO - PDF IS ERROR!
2024-06-18 00:28:54 | INFO | 2024-06-18 00:28:54,468 - 9222 - INFO - ('9747826', '/stamp/stamp.jsp?tp=&arnumber=9747826')
2024-06-18 00:28:56 | INFO | 2024-06-18 00:28:56,212 - 9222 - INFO - PDF IS ERROR!
2024-06-18 00:29:00 | INFO | 2024-06-18 00:29:00,224 - 9222 - INFO - ('9747073', '/stamp/stamp.jsp?tp=&arnumber=9747073')
2024-06-18 00:29:01 | INFO | 2024-06-18 00:29:01,982 - 9222 - INFO - PDF IS ERROR!
2024-06-18 00:29:04 | INFO | 2024-06-18 00:29:04,999 - 9222 - INFO - ('9747512', '/stamp/stamp.jsp?tp=&arnumber=9747512')
2024-06-18 00:29:06 | INFO | 2024-06-18 00:29:06,804 - 9222 - INFO - PDF IS ERROR!
2024-06-18 00:29:11 | INFO | 2024-06-18 00:29:11,816 - 9222 - INFO - ('9746194', '/stamp/stamp.jsp?tp=&arnumber=9746194')
2024-06-18 00:29:13 | INFO | 2024-06-18 00:29:13,589 - 9222 - INFO - PDF IS ERROR!
2024-06-18 00:29:17 | INFO | 2024-06-18 00:29:17,602 - 9222 - INFO - ('9746681', '/stamp/stamp.jsp?tp=&arnumber=9746681')
2024-06-18 00:29:19 | INFO | 2024-06-18 00:29:19,974 - 9222 - INFO - PDF IS ERROR!
2024-06-18 00:29:23 | INFO | 2024-06-18 00:29:23,981 - 9222 - INFO - ('9746290', '/stamp/stamp.jsp?tp=&arnumber=9746290')
2024-06-18 00:29:25 | INFO | 2024-06-18 00:29:25,808 - 9222 - INFO - PDF IS ERROR!
2024-06-18 00:29:28 | INFO | 2024-06-18 00:29:28,814 - 9222 - INFO - ('9747238', '/stamp/stamp.jsp?tp=&arnumber=9747238')
2024-06-18 00:29:31 | INFO | 2024-06-18 00:29:31,092 - 9222 - INFO - PDF IS ERROR!
2024-06-18 00:29:35 | INFO | 2024-06-18 00:29:35,106 - 9222 - INFO - ('9746156', '/stamp/stamp.jsp?tp=&arnumber=9746156')
2024-06-18 00:29:37 | INFO | 2024-06-18 00:29:37,156 - 9222 - INFO - PDF IS ERROR!
2024-06-18 00:29:40 | INFO | 2024-06-18 00:29:40,158 - 9222 - INFO - ('9747264', '/stamp/stamp.jsp?tp=&arnumber=9747264')
2024-06-18 00:29:41 | INFO | 2024-06-18 00:29:41,943 - 9222 - INFO - PDF IS ERROR!
2024-06-18 00:29:45 | INFO | 2024-06-18 00:29:45,950 - 9222 - INFO - ('9747610', '/stamp/stamp.jsp?tp=&arnumber=9747610')
2024-06-18 00:29:48 | INFO | 2024-06-18 00:29:48,179 - 9222 - INFO - PDF IS ERROR!
2024-06-18 00:29:53 | INFO | 2024-06-18 00:29:53,185 - 9222 - INFO - ('9747389', '/stamp/stamp.jsp?tp=&arnumber=9747389')
2024-06-18 00:29:55 | INFO | 2024-06-18 00:29:55,237 - 9222 - INFO - PDF IS ERROR!
2024-06-18 00:29:58 | INFO | 2024-06-18 00:29:58,253 - 9222 - INFO - ('9747484', '/stamp/stamp.jsp?tp=&arnumber=9747484')
2024-06-18 00:30:01 | INFO | 2024-06-18 00:30:01,010 - 9222 - INFO - PDF IS ERROR!
2024-06-18 00:30:04 | INFO | 2024-06-18 00:30:04,020 - 9222 - INFO - ('9746625', '/stamp/stamp.jsp?tp=&arnumber=9746625')
2024-06-18 00:30:06 | INFO | 2024-06-18 00:30:06,359 - 9222 - INFO - PDF IS ERROR!
2024-06-18 00:30:10 | INFO | 2024-06-18 00:30:10,359 - 9222 - INFO - ('9746373', '/stamp/stamp.jsp?tp=&arnumber=9746373')
2024-06-18 00:30:12 | INFO | 2024-06-18 00:30:12,640 - 9222 - INFO - PDF IS ERROR!
2024-06-18 00:30:15 | INFO | 2024-06-18 00:30:15,653 - 9222 - INFO - ('9746969', '/stamp/stamp.jsp?tp=&arnumber=9746969')
2024-06-18 00:30:17 | INFO | 2024-06-18 00:30:17,530 - 9222 - INFO - PDF IS ERROR!
2024-06-18 00:30:22 | INFO | 2024-06-18 00:30:22,541 - 9222 - INFO - ('9747449', '/stamp/stamp.jsp?tp=&arnumber=9747449')
2024-06-18 00:30:23 | INFO | 2024-06-18 00:30:23,874 - 9222 - INFO - PDF IS ERROR!
2024-06-18 00:30:26 | INFO | 2024-06-18 00:30:26,881 - 9222 - INFO - ('9746702', '/stamp/stamp.jsp?tp=&arnumber=9746702')
2024-06-18 00:30:29 | INFO | 2024-06-18 00:30:29,221 - 9222 - INFO - PDF IS ERROR!
2024-06-18 00:30:33 | INFO | 2024-06-18 00:30:33,224 - 9222 - INFO - ('9746974', '/stamp/stamp.jsp?tp=&arnumber=9746974')
2024-06-18 00:30:35 | INFO | 2024-06-18 00:30:35,001 - 9222 - INFO - PDF IS ERROR!
2024-06-18 00:30:39 | INFO | 2024-06-18 00:30:39,011 - 9222 - INFO - ('9747059', '/stamp/stamp.jsp?tp=&arnumber=9747059')
2024-06-18 00:30:40 | INFO | 2024-06-18 00:30:40,367 - 9222 - INFO - PDF IS ERROR!
2024-06-18 00:30:43 | INFO | 2024-06-18 00:30:43,380 - 9222 - INFO - ('9746932', '/stamp/stamp.jsp?tp=&arnumber=9746932')
2024-06-18 00:30:45 | INFO | 2024-06-18 00:30:45,598 - 9222 - INFO - PDF IS ERROR!
2024-06-18 00:30:49 | INFO | 2024-06-18 00:30:49,612 - 9222 - INFO - ('9747351', '/stamp/stamp.jsp?tp=&arnumber=9747351')
2024-06-18 00:30:51 | INFO | 2024-06-18 00:30:51,178 - 9222 - INFO - PDF IS ERROR!
2024-06-18 00:30:56 | INFO | 2024-06-18 00:30:56,184 - 9222 - INFO - ('9746199', '/stamp/stamp.jsp?tp=&arnumber=9746199')
2024-06-18 00:30:58 | INFO | 2024-06-18 00:30:58,283 - 9222 - INFO - PDF IS ERROR!
2024-06-18 00:31:02 | INFO | 2024-06-18 00:31:02,288 - 9222 - INFO - ('9747276', '/stamp/stamp.jsp?tp=&arnumber=9747276')
2024-06-18 00:31:04 | INFO | 2024-06-18 00:31:04,146 - 9222 - INFO - PDF IS ERROR!
2024-06-18 00:31:07 | INFO | 2024-06-18 00:31:07,155 - 9222 - INFO - ('9746619', '/stamp/stamp.jsp?tp=&arnumber=9746619')
2024-06-18 00:31:08 | INFO | 2024-06-18 00:31:08,968 - 9222 - INFO - PDF IS ERROR!
2024-06-18 00:31:11 | INFO | 2024-06-18 00:31:11,977 - 9222 - INFO - ('9747406', '/stamp/stamp.jsp?tp=&arnumber=9747406')
2024-06-18 00:31:13 | INFO | 2024-06-18 00:31:13,349 - 9222 - INFO - PDF IS ERROR!
2024-06-18 00:31:17 | INFO | 2024-06-18 00:31:17,350 - 9222 - INFO - ('9747051', '/stamp/stamp.jsp?tp=&arnumber=9747051')
2024-06-18 00:31:20 | INFO | 2024-06-18 00:31:20,760 - 9222 - INFO - PDF IS ERROR!
2024-06-18 00:31:24 | INFO | 2024-06-18 00:31:24,776 - 9222 - INFO - ('9747562', '/stamp/stamp.jsp?tp=&arnumber=9747562')
2024-06-18 00:31:26 | INFO | 2024-06-18 00:31:26,109 - 9222 - INFO - PDF IS ERROR!
2024-06-18 00:31:31 | INFO | 2024-06-18 00:31:31,118 - 9222 - INFO - ('9747413', '/stamp/stamp.jsp?tp=&arnumber=9747413')
2024-06-18 00:31:33 | INFO | 2024-06-18 00:31:33,089 - 9222 - INFO - PDF IS ERROR!
2024-06-18 00:31:37 | INFO | 2024-06-18 00:31:37,092 - 9222 - INFO - ('9746589', '/stamp/stamp.jsp?tp=&arnumber=9746589')
2024-06-18 00:31:38 | INFO | 2024-06-18 00:31:38,411 - 9222 - INFO - PDF IS ERROR!
2024-06-18 00:31:41 | INFO | 2024-06-18 00:31:41,429 - 9222 - INFO - ('9747210', '/stamp/stamp.jsp?tp=&arnumber=9747210')
2024-06-18 00:31:43 | INFO | 2024-06-18 00:31:43,600 - 9222 - INFO - PDF IS ERROR!
2024-06-18 00:31:46 | INFO | 2024-06-18 00:31:46,605 - 9222 - INFO - ('9746566', '/stamp/stamp.jsp?tp=&arnumber=9746566')
2024-06-18 00:31:48 | INFO | 2024-06-18 00:31:48,013 - 9222 - INFO - PDF IS ERROR!
2024-06-18 00:31:51 | INFO | 2024-06-18 00:31:51,023 - 9222 - INFO - ('9747407', '/stamp/stamp.jsp?tp=&arnumber=9747407')
2024-06-18 00:31:52 | INFO | 2024-06-18 00:31:52,388 - 9222 - INFO - PDF IS ERROR!
2024-06-18 00:31:56 | INFO | 2024-06-18 00:31:56,393 - 9222 - INFO - ('9746817', '/stamp/stamp.jsp?tp=&arnumber=9746817')
2024-06-18 00:31:58 | INFO | 2024-06-18 00:31:58,995 - 9222 - INFO - PDF IS ERROR!
2024-06-18 00:32:02 | INFO | 2024-06-18 00:32:02,011 - 9222 - INFO - ('9746840', '/stamp/stamp.jsp?tp=&arnumber=9746840')
2024-06-18 00:32:03 | INFO | 2024-06-18 00:32:03,726 - 9222 - INFO - PDF IS ERROR!
2024-06-18 00:32:07 | INFO | 2024-06-18 00:32:07,736 - 9222 - INFO - ('9746445', '/stamp/stamp.jsp?tp=&arnumber=9746445')
2024-06-18 00:32:09 | INFO | 2024-06-18 00:32:09,625 - 9222 - INFO - PDF IS ERROR!
2024-06-18 00:32:14 | INFO | 2024-06-18 00:32:14,638 - 9222 - INFO - ('9747331', '/stamp/stamp.jsp?tp=&arnumber=9747331')
2024-06-18 00:32:16 | INFO | 2024-06-18 00:32:16,531 - 9222 - INFO - PDF IS ERROR!
2024-06-18 00:32:20 | INFO | 2024-06-18 00:32:20,533 - 9222 - INFO - ('9746466', '/stamp/stamp.jsp?tp=&arnumber=9746466')
2024-06-18 00:32:21 | INFO | 2024-06-18 00:32:21,935 - 9222 - INFO - PDF IS ERROR!
2024-06-18 00:32:25 | INFO | 2024-06-18 00:32:25,951 - 9222 - INFO - ('9747816', '/stamp/stamp.jsp?tp=&arnumber=9747816')
2024-06-18 00:32:27 | INFO | 2024-06-18 00:32:27,286 - 9222 - INFO - PDF IS ERROR!
2024-06-18 00:32:31 | INFO | 2024-06-18 00:32:31,302 - 9222 - INFO - ('9747812', '/stamp/stamp.jsp?tp=&arnumber=9747812')
2024-06-18 00:32:33 | INFO | 2024-06-18 00:32:33,169 - 9222 - INFO - PDF IS ERROR!
2024-06-18 00:32:36 | INFO | 2024-06-18 00:32:36,171 - 9222 - INFO - ('9746738', '/stamp/stamp.jsp?tp=&arnumber=9746738')
2024-06-18 00:32:38 | INFO | 2024-06-18 00:32:38,030 - 9222 - INFO - PDF IS ERROR!
2024-06-18 00:32:42 | INFO | 2024-06-18 00:32:42,036 - 9222 - INFO - ('9746232', '/stamp/stamp.jsp?tp=&arnumber=9746232')
2024-06-18 00:32:44 | INFO | 2024-06-18 00:32:44,024 - 9222 - INFO - PDF IS ERROR!
2024-06-18 00:32:48 | INFO | 2024-06-18 00:32:48,030 - 9222 - INFO - ('9746845', '/stamp/stamp.jsp?tp=&arnumber=9746845')
2024-06-18 00:32:49 | INFO | 2024-06-18 00:32:49,369 - 9222 - INFO - PDF IS ERROR!
2024-06-18 00:32:53 | INFO | 2024-06-18 00:32:53,378 - 9222 - INFO - ('9746689', '/stamp/stamp.jsp?tp=&arnumber=9746689')
2024-06-18 00:32:55 | INFO | 2024-06-18 00:32:55,216 - 9222 - INFO - PDF IS ERROR!
2024-06-18 00:33:00 | INFO | 2024-06-18 00:33:00,224 - 9222 - INFO - ('9747509', '/stamp/stamp.jsp?tp=&arnumber=9747509')
2024-06-18 00:33:02 | INFO | 2024-06-18 00:33:02,118 - 9222 - INFO - PDF IS ERROR!
2024-06-18 00:33:07 | INFO | 2024-06-18 00:33:07,130 - 9222 - INFO - ('9746172', '/stamp/stamp.jsp?tp=&arnumber=9746172')
2024-06-18 00:33:09 | INFO | 2024-06-18 00:33:09,539 - 9222 - INFO - PDF IS ERROR!
2024-06-18 00:33:12 | INFO | 2024-06-18 00:33:12,555 - 9222 - INFO - ('9746695', '/stamp/stamp.jsp?tp=&arnumber=9746695')
2024-06-18 00:33:15 | INFO | 2024-06-18 00:33:15,221 - 9222 - INFO - PDF IS ERROR!
2024-06-18 00:33:20 | INFO | 2024-06-18 00:33:20,228 - 9222 - INFO - ('9747174', '/stamp/stamp.jsp?tp=&arnumber=9747174')
2024-06-18 00:33:22 | INFO | 2024-06-18 00:33:22,034 - 9222 - INFO - PDF IS ERROR!
2024-06-18 00:33:25 | INFO | 2024-06-18 00:33:25,042 - 9222 - INFO - ('9746701', '/stamp/stamp.jsp?tp=&arnumber=9746701')
2024-06-18 00:33:26 | INFO | 2024-06-18 00:33:26,887 - 9222 - INFO - PDF IS ERROR!
2024-06-18 00:33:29 | INFO | 2024-06-18 00:33:29,901 - 9222 - INFO - ('9746870', '/stamp/stamp.jsp?tp=&arnumber=9746870')
2024-06-18 00:33:31 | INFO | 2024-06-18 00:33:31,266 - 9222 - INFO - PDF IS ERROR!
2024-06-18 00:33:36 | INFO | 2024-06-18 00:33:36,277 - 9222 - INFO - ('9746779', '/stamp/stamp.jsp?tp=&arnumber=9746779')
2024-06-18 00:33:38 | INFO | 2024-06-18 00:33:38,106 - 9222 - INFO - PDF IS ERROR!
2024-06-18 00:33:43 | INFO | 2024-06-18 00:33:43,112 - 9222 - INFO - ('9746576', '/stamp/stamp.jsp?tp=&arnumber=9746576')
2024-06-18 00:33:44 | INFO | 2024-06-18 00:33:44,653 - 9222 - INFO - PDF IS ERROR!
2024-06-18 00:33:48 | INFO | 2024-06-18 00:33:48,656 - 9222 - INFO - ('9747097', '/stamp/stamp.jsp?tp=&arnumber=9747097')
2024-06-18 00:33:49 | INFO | 2024-06-18 00:33:49,961 - 9222 - INFO - 请求失败！
2024-06-18 00:33:53 | INFO | 2024-06-18 00:33:53,963 - 9222 - INFO - ('9747232', '/stamp/stamp.jsp?tp=&arnumber=9747232')
2024-06-18 00:33:54 | INFO | 2024-06-18 00:33:54,550 - 9222 - INFO - 请求失败！
2024-06-18 00:33:59 | INFO | 2024-06-18 00:33:59,560 - 9222 - INFO - ('9747299', '/stamp/stamp.jsp?tp=&arnumber=9747299')
2024-06-18 00:34:00 | INFO | 2024-06-18 00:34:00,147 - 9222 - INFO - 请求失败！
2024-06-18 00:34:05 | INFO | 2024-06-18 00:34:05,152 - 9222 - INFO - ('9747163', '/stamp/stamp.jsp?tp=&arnumber=9747163')
2024-06-18 00:34:06 | INFO | 2024-06-18 00:34:06,185 - 9222 - INFO - 请求失败！
2024-06-18 00:34:10 | INFO | 2024-06-18 00:34:10,188 - 9222 - INFO - ('9747451', '/stamp/stamp.jsp?tp=&arnumber=9747451')
2024-06-18 00:34:11 | INFO | 2024-06-18 00:34:11,840 - 9222 - INFO - 请求失败！
2024-06-18 00:34:14 | INFO | 2024-06-18 00:34:14,854 - 9222 - INFO - ('9747492', '/stamp/stamp.jsp?tp=&arnumber=9747492')
2024-06-18 00:34:15 | INFO | 2024-06-18 00:34:15,453 - 9222 - INFO - 请求失败！
2024-06-18 00:34:20 | INFO | 2024-06-18 00:34:20,458 - 9222 - INFO - 连续请求失败五次退出程序
2024-06-18 00:34:20 | ERROR | Stream reader completed.
2024-06-18 00:34:20 | INFO | Stream reader completed.
2024-06-18 00:34:20 | INFO | Process completed and streams closed.
2024-06-18 02:39:00 | ERROR | Stream reader completed.
2024-06-18 02:39:00 | INFO | Stream reader completed.
2024-06-18 02:39:00 | INFO | Process completed and streams closed.
2024-06-18 05:38:58 | INFO | 账户还未登录
2024-06-18 05:39:47 | ERROR | Stream reader completed.
2024-06-18 05:39:47 | INFO | Stream reader completed.
2024-06-18 05:39:47 | INFO | Process completed and streams closed.
2024-06-18 08:38:33 | INFO | 2024-06-18 08:38:33,219 - 9224 - INFO - ('9747891', '/stamp/stamp.jsp?tp=&arnumber=9747891')
2024-06-18 08:38:38 | INFO | \\192.168.1.151\e\外文全文\ieee\full_text\7891\9747891\9747891.pdf
2024-06-18 08:38:38 | INFO | 2024-06-18 08:38:38,705 - 9224 - INFO - write file: (\\192.168.1.151\e\外文全文\ieee\full_text\7891\9747891\9747891.pdf)
2024-06-18 08:38:39 | INFO | 2024-06-18 08:38:39,031 - 9224 - INFO - 下载完成9747891
2024-06-18 08:38:56 | INFO | 账户还未登录
2024-06-18 08:39:04 | INFO | 2024-06-18 08:39:04,042 - 9224 - INFO - ('9746270', '/stamp/stamp.jsp?tp=&arnumber=9746270')
2024-06-18 08:39:08 | INFO | \\192.168.1.151\e\外文全文\ieee\full_text\6270\9746270\9746270.pdf
2024-06-18 08:39:08 | INFO | 2024-06-18 08:39:08,685 - 9224 - INFO - write file: (\\192.168.1.151\e\外文全文\ieee\full_text\6270\9746270\9746270.pdf)
2024-06-18 08:39:08 | INFO | 2024-06-18 08:39:08,820 - 9224 - INFO - 下载完成9746270
2024-06-18 08:39:35 | INFO | 2024-06-18 08:39:35,835 - 9224 - INFO - ('9746193', '/stamp/stamp.jsp?tp=&arnumber=9746193')
2024-06-18 08:39:42 | INFO | \\192.168.1.151\e\外文全文\ieee\full_text\6193\9746193\9746193.pdf
2024-06-18 08:39:42 | INFO | 2024-06-18 08:39:42,680 - 9224 - INFO - write file: (\\192.168.1.151\e\外文全文\ieee\full_text\6193\9746193\9746193.pdf)
2024-06-18 08:39:42 | INFO | 2024-06-18 08:39:42,737 - 9224 - INFO - 下载完成9746193
2024-06-18 08:39:44 | ERROR | Stream reader completed.
2024-06-18 08:39:44 | INFO | Stream reader completed.
2024-06-18 08:39:45 | INFO | Process completed and streams closed.
2024-06-18 08:40:09 | INFO | 2024-06-18 08:40:09,744 - 9224 - INFO - ('9747218', '/stamp/stamp.jsp?tp=&arnumber=9747218')
2024-06-18 08:40:10 | INFO | 2024-06-18 08:40:10,298 - 9224 - INFO - 请求失败！
2024-06-18 08:40:13 | INFO | 2024-06-18 08:40:13,300 - 9224 - INFO - ('9746941', '/stamp/stamp.jsp?tp=&arnumber=9746941')
2024-06-18 08:40:14 | INFO | 2024-06-18 08:40:14,073 - 9224 - INFO - 请求失败！
2024-06-18 08:40:17 | INFO | 2024-06-18 08:40:17,076 - 9224 - INFO - ('9746644', '/stamp/stamp.jsp?tp=&arnumber=9746644')
2024-06-18 08:40:17 | INFO | 2024-06-18 08:40:17,618 - 9224 - INFO - 请求失败！
2024-06-18 08:40:22 | INFO | 2024-06-18 08:40:22,633 - 9224 - INFO - ('9747288', '/stamp/stamp.jsp?tp=&arnumber=9747288')
2024-06-18 08:40:23 | INFO | 2024-06-18 08:40:23,176 - 9224 - INFO - 请求失败！
2024-06-18 08:40:28 | INFO | 2024-06-18 08:40:28,190 - 9224 - INFO - ('9747513', '/stamp/stamp.jsp?tp=&arnumber=9747513')
2024-06-18 08:40:28 | INFO | 2024-06-18 08:40:28,744 - 9224 - INFO - 请求失败！
2024-06-18 08:40:31 | INFO | 2024-06-18 08:40:31,745 - 9224 - INFO - ('9747347', '/stamp/stamp.jsp?tp=&arnumber=9747347')
2024-06-18 08:40:32 | INFO | 2024-06-18 08:40:32,265 - 9224 - INFO - 请求失败！
2024-06-18 08:40:37 | INFO | 2024-06-18 08:40:37,269 - 9224 - INFO - 连续请求失败五次退出程序
2024-06-18 08:40:37 | INFO | Stream reader completed.
2024-06-18 08:40:37 | ERROR | Stream reader completed.
2024-06-18 08:40:37 | INFO | Process completed and streams closed.
