2024-11-26 01:29:41-9224-INFO-Timeout 30000ms exceeded.
2024-11-26 01:29:41-9224-INFO-=========================== logs ===========================
2024-11-26 01:29:41-9224-INFO-waiting for locator("input[name='j_username']")
2024-11-26 01:29:41-9224-INFO-============================================================
2024-11-26 01:30:21-9224-INFO-Timeout 30000ms exceeded.
2024-11-26 01:30:21-9224-INFO-=========================== logs ===========================
2024-11-26 01:30:21-9224-INFO-waiting for locator("input[name='j_username']")
2024-11-26 01:30:21-9224-INFO-============================================================
2024-11-26 01:31:01-9224-INFO-Timeout 30000ms exceeded.
2024-11-26 01:31:01-9224-INFO-=========================== logs ===========================
2024-11-26 01:31:01-9224-INFO-waiting for locator("input[name='j_username']")
2024-11-26 01:31:01-9224-INFO-============================================================
2024-11-26 01:31:01-9224-INFO-超过最大重试次数
2024-11-26 04:29:40-9224-INFO-Timeout 30000ms exceeded.
2024-11-26 04:29:40-9224-INFO-=========================== logs ===========================
2024-11-26 04:29:40-9224-INFO-waiting for locator("input[name='j_username']")
2024-11-26 04:29:40-9224-INFO-============================================================
2024-11-26 04:30:20-9224-INFO-Timeout 30000ms exceeded.
2024-11-26 04:30:20-9224-INFO-=========================== logs ===========================
2024-11-26 04:30:20-9224-INFO-waiting for locator("input[name='j_username']")
2024-11-26 04:30:20-9224-INFO-============================================================
2024-11-26 04:31:01-9224-INFO-Timeout 30000ms exceeded.
2024-11-26 04:31:01-9224-INFO-=========================== logs ===========================
2024-11-26 04:31:01-9224-INFO-waiting for locator("input[name='j_username']")
2024-11-26 04:31:01-9224-INFO-============================================================
2024-11-26 04:31:01-9224-INFO-超过最大重试次数
2024-11-26 07:29:40-9224-INFO-Timeout 30000ms exceeded.
2024-11-26 07:29:40-9224-INFO-=========================== logs ===========================
2024-11-26 07:29:40-9224-INFO-waiting for locator("input[name='j_username']")
2024-11-26 07:29:40-9224-INFO-============================================================
2024-11-26 07:30:20-9224-INFO-Timeout 30000ms exceeded.
2024-11-26 07:30:20-9224-INFO-=========================== logs ===========================
2024-11-26 07:30:20-9224-INFO-waiting for locator("input[name='j_username']")
2024-11-26 07:30:20-9224-INFO-============================================================
2024-11-26 07:30:38-9224-INFO-登陆成功
2024-11-26 07:30:38-9224-INFO-{'Cookie': 'AWSALBAPP-1=_remove_; AWSALBAPP-2=_remove_; AWSALBAPP-3=_remove_; WLSESSION=419590666.47873.0000; TS016349ac=01f15fc87c655f03a0d372aeaf0757bf6aa90d29dd470d0991c84125844a26fd839ed12bd473b1696d8bf8d38f3ba0c9201dfd5ee3; JSESSIONID=BCC0E9BB98C375F5EA65A96BB1408EE3; ERIGHTS=f1oax2BHVoPf2638rZ3773js0dVptUx2FAPJ-18x2dCljh38Cx2FjbXpaIG2oJ4GtQx3Dx3D0iHJm0c3rb85xxX7a2vUkywx3Dx3D-kt9qdxxIkgOVRBopCx2FotxxXwx3Dx3D-fQSCesbSmuhiHx2Bdp5bwQwwx3Dx3D; xpluserinfo=eyJpc0luc3QiOiJ0cnVlIiwiaW5zdE5hbWUiOiJHdWFuZ3hpIFVuaXZlcnNpdHkiLCJwcm9kdWN0cyI6IkVCT09LUzoxOTc0OjIwMTZ8SUJNOjE4NzI6MjAyMHxJRUx8VkRFfE5PS0lBIEJFTEwgTEFCU3wifQ==; seqId=1627445; ipList=113.251.80.69; AWSALBAPP-0=AAAAAAAAAAC63eOb5xfKJSK5HrLfyXhHwDzMOeMcuZNpQDthwUjSblc4O2MhSfit/xuE4F5sqm0SOLuX6BxwUHTZNmaQwvWk/otIqVFS9MLeTyjEImrQ+8nrH7oU9QUDOKJ16FUXzNGC8KKliIgfjgVHEi04/pHYzWJijFriABSgsaWs4c6izDF49FsyN0oZbABURzYOj57ha9VIoYPiMw==; TSaf720a17029=0807dc117eab28000251147aeca8ee9d0c5a0cc250b85ec9044dd6582bb1f50d74fa40a025eb6de95b6e6660e44b0ce0; TS8b476361027=0807dc117eab20003c5cc2fdc8f936fa7b207cc415521937d3d9036be1a35678d1779d7dfbec5def08daf84eb9113000e04ac2e7e8fa502117613eb06b3c7a96981423377ce48c5b94679d3308fa1274442f4cd485c81f6c825669114df876c0; utag_main=v_id:019365a9a9090004c09fc29c8d190506f002b06700bd0$_sn:1$_se:1$_ss:1$_st:1732579237964$ses_id:1732577437964%3Bexp-session$_pn:1%3Bexp-session'}
2024-11-26 07:30:38-9224-INFO-2024-11-26 07:30:38,433 - INFO - Pika version 1.3.2 connecting to ('192.168.1.186', 5672)
2024-11-26 07:30:38-9224-INFO-2024-11-26 07:30:38,433 - INFO - Socket connected: <socket.socket fd=392, family=AddressFamily.AF_INET, type=SocketKind.SOCK_STREAM, proto=6, laddr=('192.168.1.186', 12597), raddr=('192.168.1.186', 5672)>
2024-11-26 07:30:38-9224-INFO-2024-11-26 07:30:38,434 - INFO - Streaming transport linked up: (<pika.adapters.utils.io_services_utils._AsyncPlaintextTransport object at 0x000002C324FBDA60>, _StreamingProtocolShim: <SelectConnection PROTOCOL transport=<pika.adapters.utils.io_services_utils._AsyncPlaintextTransport object at 0x000002C324FBDA60> params=<ConnectionParameters host=192.168.1.186 port=5672 virtual_host=/ ssl=False>>).
2024-11-26 07:30:38-9224-INFO-2024-11-26 07:30:38,441 - INFO - AMQPConnector - reporting success: <SelectConnection OPEN transport=<pika.adapters.utils.io_services_utils._AsyncPlaintextTransport object at 0x000002C324FBDA60> params=<ConnectionParameters host=192.168.1.186 port=5672 virtual_host=/ ssl=False>>
2024-11-26 07:30:38-9224-INFO-2024-11-26 07:30:38,441 - INFO - AMQPConnectionWorkflow - reporting success: <SelectConnection OPEN transport=<pika.adapters.utils.io_services_utils._AsyncPlaintextTransport object at 0x000002C324FBDA60> params=<ConnectionParameters host=192.168.1.186 port=5672 virtual_host=/ ssl=False>>
2024-11-26 07:30:38-9224-INFO-2024-11-26 07:30:38,441 - INFO - Connection workflow succeeded: <SelectConnection OPEN transport=<pika.adapters.utils.io_services_utils._AsyncPlaintextTransport object at 0x000002C324FBDA60> params=<ConnectionParameters host=192.168.1.186 port=5672 virtual_host=/ ssl=False>>
2024-11-26 07:30:38-9224-INFO-2024-11-26 07:30:38,441 - INFO - Created channel=1
2024-11-26 09:09:39-9224-INFO-2024-11-26 09:09:39,808 - INFO - ('10605090', '/stamp/stamp.jsp?tp=&arnumber=10605090')
2024-11-26 09:09:39-9224-INFO-2024-11-26 09:09:39,808 - INFO - ('10638186', '/stamp/stamp.jsp?tp=&arnumber=10638186')
2024-11-26 09:09:39-9224-INFO-2024-11-26 09:09:39,814 - INFO - ('10747814', '/stamp/stamp.jsp?tp=&arnumber=10747814')
2024-11-26 09:09:39-9224-INFO-2024-11-26 09:09:39,814 - INFO - ('10526224', '/stamp/stamp.jsp?tp=&arnumber=10526224')
2024-11-26 09:09:40-9224-INFO-2024-11-26 09:09:40,514 - INFO - PDF IS ERROR!
2024-11-26 09:09:40-9224-INFO-2024-11-26 09:09:40,533 - INFO - PDF IS ERROR!
2024-11-26 09:09:40-9224-INFO-2024-11-26 09:09:40,537 - INFO - PDF IS ERROR!
2024-11-26 09:09:43-9224-INFO-2024-11-26 09:09:43,527 - INFO - ('10509806', '/stamp/stamp.jsp?tp=&arnumber=10509806')
2024-11-26 09:09:43-9224-INFO-2024-11-26 09:09:43,835 - INFO - PDF IS ERROR!
2024-11-26 09:11:07-9224-INFO-2024-11-26 09:11:07,759 - INFO - ('10605090', '/stamp/stamp.jsp?tp=&arnumber=10605090')
2024-11-26 09:11:07-9224-INFO-2024-11-26 09:11:07,759 - INFO - ('10638186', '/stamp/stamp.jsp?tp=&arnumber=10638186')
2024-11-26 09:11:07-9224-INFO-2024-11-26 09:11:07,759 - INFO - ('10526224', '/stamp/stamp.jsp?tp=&arnumber=10526224')
2024-11-26 09:11:08-9224-INFO-2024-11-26 09:11:08,074 - INFO - PDF IS ERROR!
2024-11-26 09:11:08-9224-INFO-2024-11-26 09:11:08,080 - INFO - PDF IS ERROR!
2024-11-26 09:11:08-9224-INFO-2024-11-26 09:11:08,639 - INFO - PDF IS ERROR!
2024-11-26 09:11:09-9224-INFO-2024-11-26 09:11:09,829 - INFO - 请求失败！
2024-11-26 09:11:13-9224-INFO-2024-11-26 09:11:13,089 - INFO - ('10509806', '/stamp/stamp.jsp?tp=&arnumber=10509806')
2024-11-26 09:11:13-9224-INFO-2024-11-26 09:11:13,552 - INFO - PDF IS ERROR!
2024-11-26 09:12:28-9224-INFO-2024-11-26 09:12:28,836 - INFO - ('10747814', '/stamp/stamp.jsp?tp=&arnumber=10747814')
2024-11-26 09:12:33-9224-INFO-2024-11-26 09:12:33,958 - INFO - ('10638186', '/stamp/stamp.jsp?tp=&arnumber=10638186')
2024-11-26 09:12:33-9224-INFO-2024-11-26 09:12:33,958 - INFO - ('10605090', '/stamp/stamp.jsp?tp=&arnumber=10605090')
2024-11-26 09:12:33-9224-INFO-2024-11-26 09:12:33,958 - INFO - ('10526224', '/stamp/stamp.jsp?tp=&arnumber=10526224')
2024-11-26 09:12:34-9224-INFO-2024-11-26 09:12:34,278 - INFO - PDF IS ERROR!
2024-11-26 09:12:34-9224-INFO-2024-11-26 09:12:34,640 - INFO - PDF IS ERROR!
2024-11-26 09:12:34-9224-INFO-2024-11-26 09:12:34,669 - INFO - PDF IS ERROR!
2024-11-26 09:12:37-9224-INFO-2024-11-26 09:12:37,291 - INFO - ('10747814', '/stamp/stamp.jsp?tp=&arnumber=10747814')
2024-11-26 09:12:39-9224-INFO-2024-11-26 09:12:39,654 - INFO - ('10509806', '/stamp/stamp.jsp?tp=&arnumber=10509806')
2024-11-26 09:12:39-9224-INFO-2024-11-26 09:12:39,954 - INFO - PDF IS ERROR!
2024-11-26 09:13:51-9224-INFO-2024-11-26 09:13:51,731 - INFO - ('10638186', '/stamp/stamp.jsp?tp=&arnumber=10638186')
2024-11-26 09:13:51-9224-INFO-2024-11-26 09:13:51,731 - INFO - ('10605090', '/stamp/stamp.jsp?tp=&arnumber=10605090')
2024-11-26 09:13:52-9224-INFO-2024-11-26 09:13:52,031 - INFO - PDF IS ERROR!
2024-11-26 09:13:52-9224-INFO-2024-11-26 09:13:52,079 - INFO - PDF IS ERROR!
2024-11-26 09:13:57-9224-INFO-2024-11-26 09:13:57,038 - INFO - ('10526224', '/stamp/stamp.jsp?tp=&arnumber=10526224')
2024-11-26 09:13:57-9224-INFO-2024-11-26 09:13:57,086 - INFO - ('10747814', '/stamp/stamp.jsp?tp=&arnumber=10747814')
2024-11-26 09:13:57-9224-INFO-2024-11-26 09:13:57,789 - INFO - PDF IS ERROR!
2024-11-26 09:13:58-9224-INFO-2024-11-26 09:13:58,842 - INFO - 请求失败！
2024-11-26 09:14:00-9224-INFO-2024-11-26 09:14:00,792 - INFO - ('10509806', '/stamp/stamp.jsp?tp=&arnumber=10509806')
2024-11-26 09:14:01-9224-INFO-2024-11-26 09:14:01,086 - INFO - PDF IS ERROR!
2024-11-26 09:14:07-9224-INFO-2024-11-26 09:14:07,292 - INFO - 请求失败！
2024-11-26 09:14:27-9224-INFO-2024-11-26 09:14:27,563 - INFO - 连续请求失败五次退出程序
2024-11-26 09:14:27-9224-INFO-2024-11-26 09:14:27,565 - INFO - ('10605090', '/stamp/stamp.jsp?tp=&arnumber=10605090')
2024-11-26 09:14:27-9224-INFO-2024-11-26 09:14:27,568 - INFO - ('10526224', '/stamp/stamp.jsp?tp=&arnumber=10526224')
2024-11-26 09:14:27-9224-ERROR-Traceback (most recent call last):
2024-11-26 09:14:27-9224-ERROR-File "D:\workfile\PycharmProjects\ieee\消息队列采集pdf\IEEE中物院pdf采集\中物院期刊9224.py", line 120, in <module>
2024-11-26 09:14:27-9224-ERROR-main()
2024-11-26 09:14:27-9224-ERROR-File "D:\workfile\PycharmProjects\ieee\消息队列采集pdf\IEEE中物院pdf采集\中物院期刊9224.py", line 114, in main
2024-11-26 09:14:27-9224-ERROR-Consumer('journal_xkfwpt').read_message(callback)
2024-11-26 09:14:27-9224-ERROR-File "D:\workfile\PycharmProjects\ieee\消息队列采集pdf\message_que\rabbitmq.py", line 66, in read_message
2024-11-26 09:14:27-9224-ERROR-self._channel.start_consuming()
2024-11-26 09:14:27-9224-ERROR-File "D:\python\lib\site-packages\pika\adapters\blocking_connection.py", line 1883, in start_consuming
2024-11-26 09:14:27-9224-ERROR-self._process_data_events(time_limit=None)
2024-11-26 09:14:27-9224-ERROR-File "D:\python\lib\site-packages\pika\adapters\blocking_connection.py", line 2044, in _process_data_events
2024-11-26 09:14:27-9224-ERROR-self.connection.process_data_events(time_limit=time_limit)
2024-11-26 09:14:27-9224-ERROR-File "D:\python\lib\site-packages\pika\adapters\blocking_connection.py", line 851, in process_data_events
2024-11-26 09:14:27-9224-ERROR-self._dispatch_channel_events()
2024-11-26 09:14:27-9224-ERROR-File "D:\python\lib\site-packages\pika\adapters\blocking_connection.py", line 567, in _dispatch_channel_events
2024-11-26 09:14:27-9224-ERROR-impl_channel._get_cookie()._dispatch_events()
2024-11-26 09:14:27-9224-ERROR-File "D:\python\lib\site-packages\pika\adapters\blocking_connection.py", line 1510, in _dispatch_events
2024-11-26 09:14:27-9224-ERROR-consumer_info.on_message_callback(self, evt.method,
2024-11-26 09:14:27-9224-ERROR-File "D:\workfile\PycharmProjects\ieee\消息队列采集pdf\IEEE中物院pdf采集\中物院期刊9224.py", line 63, in callback
2024-11-26 09:14:27-9224-ERROR-raise RuntimeError('cookies失效')
2024-11-26 09:14:27-9224-ERROR-RuntimeError: cookies失效
2024-11-26 09:14:27-9224-INFO-2024-11-26 09:14:27,874 - INFO - PDF IS ERROR!
2024-11-26 09:14:28-9224-INFO-2024-11-26 09:14:28,290 - INFO - PDF IS ERROR!
2024-11-26 09:14:31-9224-INFO-2024-11-26 09:14:31,291 - INFO - 连续请求失败五次退出程序
2024-11-26 09:14:31-9224-ERROR-Traceback (most recent call last):
2024-11-26 09:14:31-9224-ERROR-File "D:\workfile\PycharmProjects\ieee\消息队列采集pdf\IEEE中物院pdf采集\中物院期刊9224.py", line 120, in <module>
2024-11-26 09:14:31-9224-ERROR-main()
2024-11-26 09:14:31-9224-ERROR-File "D:\workfile\PycharmProjects\ieee\消息队列采集pdf\IEEE中物院pdf采集\中物院期刊9224.py", line 114, in main
2024-11-26 09:14:31-9224-ERROR-Consumer('journal_xkfwpt').read_message(callback)
2024-11-26 09:14:31-9224-ERROR-File "D:\workfile\PycharmProjects\ieee\消息队列采集pdf\message_que\rabbitmq.py", line 66, in read_message
2024-11-26 09:14:31-9224-ERROR-self._channel.start_consuming()
2024-11-26 09:14:31-9224-ERROR-File "D:\python\lib\site-packages\pika\adapters\blocking_connection.py", line 1883, in start_consuming
2024-11-26 09:14:31-9224-ERROR-self._process_data_events(time_limit=None)
2024-11-26 09:14:31-9224-ERROR-File "D:\python\lib\site-packages\pika\adapters\blocking_connection.py", line 2044, in _process_data_events
2024-11-26 09:14:31-9224-ERROR-self.connection.process_data_events(time_limit=time_limit)
2024-11-26 09:14:31-9224-ERROR-File "D:\python\lib\site-packages\pika\adapters\blocking_connection.py", line 851, in process_data_events
2024-11-26 09:14:31-9224-ERROR-self._dispatch_channel_events()
2024-11-26 09:14:31-9224-ERROR-File "D:\python\lib\site-packages\pika\adapters\blocking_connection.py", line 567, in _dispatch_channel_events
2024-11-26 09:14:31-9224-ERROR-impl_channel._get_cookie()._dispatch_events()
2024-11-26 09:14:31-9224-ERROR-File "D:\python\lib\site-packages\pika\adapters\blocking_connection.py", line 1510, in _dispatch_events
2024-11-26 09:14:31-9224-ERROR-consumer_info.on_message_callback(self, evt.method,
2024-11-26 09:14:31-9224-ERROR-File "D:\workfile\PycharmProjects\ieee\消息队列采集pdf\IEEE中物院pdf采集\中物院期刊9224.py", line 63, in callback
2024-11-26 09:14:31-9224-ERROR-raise RuntimeError('cookies失效')
2024-11-26 09:14:31-9224-ERROR-RuntimeError: cookies失效
2024-11-26 09:14:32-9224-INFO-2024-11-26 09:14:32,876 - INFO - ('10638186', '/stamp/stamp.jsp?tp=&arnumber=10638186')
2024-11-26 09:14:33-9224-INFO-2024-11-26 09:14:33,192 - INFO - PDF IS ERROR!
2024-11-26 09:14:36-9224-INFO-2024-11-26 09:14:36,233 - INFO - 连续请求失败五次退出程序
2024-11-26 09:14:36-9224-ERROR-Traceback (most recent call last):
2024-11-26 09:14:36-9224-ERROR-File "D:\workfile\PycharmProjects\ieee\消息队列采集pdf\IEEE中物院pdf采集\中物院期刊9224.py", line 120, in <module>
2024-11-26 09:14:36-9224-ERROR-main()
2024-11-26 09:14:36-9224-ERROR-File "D:\workfile\PycharmProjects\ieee\消息队列采集pdf\IEEE中物院pdf采集\中物院期刊9224.py", line 114, in main
2024-11-26 09:14:36-9224-ERROR-Consumer('journal_xkfwpt').read_message(callback)
2024-11-26 09:14:36-9224-ERROR-File "D:\workfile\PycharmProjects\ieee\消息队列采集pdf\message_que\rabbitmq.py", line 66, in read_message
2024-11-26 09:14:36-9224-ERROR-self._channel.start_consuming()
2024-11-26 09:14:36-9224-ERROR-File "D:\python\lib\site-packages\pika\adapters\blocking_connection.py", line 1883, in start_consuming
2024-11-26 09:14:36-9224-ERROR-self._process_data_events(time_limit=None)
2024-11-26 09:14:36-9224-ERROR-File "D:\python\lib\site-packages\pika\adapters\blocking_connection.py", line 2044, in _process_data_events
2024-11-26 09:14:36-9224-ERROR-self.connection.process_data_events(time_limit=time_limit)
2024-11-26 09:14:36-9224-ERROR-File "D:\python\lib\site-packages\pika\adapters\blocking_connection.py", line 851, in process_data_events
2024-11-26 09:14:36-9224-ERROR-self._dispatch_channel_events()
2024-11-26 09:14:36-9224-ERROR-File "D:\python\lib\site-packages\pika\adapters\blocking_connection.py", line 567, in _dispatch_channel_events
2024-11-26 09:14:36-9224-ERROR-impl_channel._get_cookie()._dispatch_events()
2024-11-26 09:14:36-9224-ERROR-File "D:\python\lib\site-packages\pika\adapters\blocking_connection.py", line 1510, in _dispatch_events
2024-11-26 09:14:36-9224-ERROR-consumer_info.on_message_callback(self, evt.method,
2024-11-26 09:14:36-9224-ERROR-File "D:\workfile\PycharmProjects\ieee\消息队列采集pdf\IEEE中物院pdf采集\中物院期刊9224.py", line 63, in callback
2024-11-26 09:14:36-9224-ERROR-raise RuntimeError('cookies失效')
2024-11-26 09:14:36-9224-ERROR-RuntimeError: cookies失效
2024-11-26 09:15:27-9224-INFO-2024-11-26 09:15:27,086 - INFO - 请求失败！
2024-11-26 09:15:31-9224-INFO-2024-11-26 09:15:31,099 - INFO - ('10747814', '/stamp/stamp.jsp?tp=&arnumber=10747814')
2024-11-26 09:17:01-9224-INFO-2024-11-26 09:17:01,104 - INFO - 请求失败！
2024-11-26 09:17:04-9224-INFO-2024-11-26 09:17:04,109 - INFO - 连续请求失败五次退出程序
2024-11-26 09:17:04-9224-ERROR-Traceback (most recent call last):
2024-11-26 09:17:04-9224-ERROR-File "D:\workfile\PycharmProjects\ieee\消息队列采集pdf\IEEE中物院pdf采集\中物院期刊9224.py", line 120, in <module>
2024-11-26 09:17:04-9224-ERROR-main()
2024-11-26 09:17:04-9224-ERROR-File "D:\workfile\PycharmProjects\ieee\消息队列采集pdf\IEEE中物院pdf采集\中物院期刊9224.py", line 114, in main
2024-11-26 09:17:04-9224-ERROR-Consumer('journal_xkfwpt').read_message(callback)
2024-11-26 09:17:04-9224-ERROR-File "D:\workfile\PycharmProjects\ieee\消息队列采集pdf\message_que\rabbitmq.py", line 66, in read_message
2024-11-26 09:17:04-9224-ERROR-self._channel.start_consuming()
2024-11-26 09:17:04-9224-ERROR-File "D:\python\lib\site-packages\pika\adapters\blocking_connection.py", line 1883, in start_consuming
2024-11-26 09:17:04-9224-ERROR-self._process_data_events(time_limit=None)
2024-11-26 09:17:04-9224-ERROR-File "D:\python\lib\site-packages\pika\adapters\blocking_connection.py", line 2044, in _process_data_events
2024-11-26 09:17:04-9224-ERROR-self.connection.process_data_events(time_limit=time_limit)
2024-11-26 09:17:04-9224-ERROR-File "D:\python\lib\site-packages\pika\adapters\blocking_connection.py", line 851, in process_data_events
2024-11-26 09:17:04-9224-ERROR-self._dispatch_channel_events()
2024-11-26 09:17:04-9224-ERROR-File "D:\python\lib\site-packages\pika\adapters\blocking_connection.py", line 567, in _dispatch_channel_events
2024-11-26 09:17:04-9224-ERROR-impl_channel._get_cookie()._dispatch_events()
2024-11-26 09:17:04-9224-ERROR-File "D:\python\lib\site-packages\pika\adapters\blocking_connection.py", line 1510, in _dispatch_events
2024-11-26 09:17:04-9224-ERROR-consumer_info.on_message_callback(self, evt.method,
2024-11-26 09:17:04-9224-ERROR-File "D:\workfile\PycharmProjects\ieee\消息队列采集pdf\IEEE中物院pdf采集\中物院期刊9224.py", line 63, in callback
2024-11-26 09:17:04-9224-ERROR-raise RuntimeError('cookies失效')
2024-11-26 09:17:04-9224-ERROR-RuntimeError: cookies失效
